2022-02-27 19:32:06,254 [INFO] Activator:177 - 


2022-02-27 19:32:06,256 [INFO] Activator:178 - !SESSION log4j initialized
2022-02-27 19:32:12,480 [INFO] McuFinderGlobals:39 - Set McuFinder mode to 2 (CubeIDE integrated)
2022-02-27 19:32:13,114 [INFO] ApplicationProperties:181 - Using Application install path: E:\STM32CubeIDE_1.7.0\STM32CubeIDE\plugins\com.st.stm32cube.common.mx_6.3.0.202107141111
2022-02-27 19:32:13,135 [INFO] DbMcusXml:74 - Set database path to: E:\STM32CubeIDE_1.7.0\STM32CubeIDE\plugins\com.st.stm32cube.common.mx_6.3.0.202107141111\\db\/mcu/
2022-02-27 19:32:13,138 [INFO] DbBoardsPdsc:56 - Set plugin database path to: E:\STM32CubeIDE_1.7.0\STM32CubeIDE\plugins\com.st.stm32cube.common.mx_6.3.0.202107141111\\db\/plugins/boardmanager/
2022-02-27 19:32:13,138 [INFO] DbMcus:258 - Set plugin images path to: E:\STM32CubeIDE_1.7.0\STM32CubeIDE\plugins\com.st.stm32cube.common.mx_6.3.0.202107141111\\db\/plugins/mcufinder/images/
2022-02-27 19:32:13,138 [INFO] DbBoards:264 - Set plugin images path to: E:\STM32CubeIDE_1.7.0\STM32CubeIDE\plugins\com.st.stm32cube.common.mx_6.3.0.202107141111\\db\/plugins/mcufinder/images/
2022-02-27 19:32:13,140 [INFO] DbExamples:333 - Set plugin images path to: E:\STM32CubeIDE_1.7.0\STM32CubeIDE\plugins\com.st.stm32cube.common.mx_6.3.0.202107141111\\db\/plugins/mcufinder/images/
2022-02-27 19:32:13,181 [INFO] DbMcusAds:119 - Set database path to: C:\Users\gianl\.stmcufinder\plugins\mcufinder//mcu/
2022-02-27 19:32:13,182 [INFO] DbMcusDocs:110 - Set database path to: C:\Users\gianl\.stmcufinder\plugins\mcufinder//mcu/
2022-02-27 19:32:13,184 [INFO] DbMcusJson:64 - Set database path to: C:\Users\gianl\.stmcufinder\plugins\mcufinder//mcu/
2022-02-27 19:32:13,184 [INFO] DbBoardsDocs:110 - Set database path to: C:\Users\gianl\.stmcufinder\plugins\mcufinder//mcu/
2022-02-27 19:32:13,185 [INFO] DbBoardsJson:57 - Set database path to: C:\Users\gianl\.stmcufinder\plugins\mcufinder//mcu/
2022-02-27 19:32:13,187 [INFO] CrossReferenceDbSqlite:196 - Set database path to: C:\Users\gianl\.stmcufinder\plugins\mcufinder//mcu/cs/
2022-02-27 19:32:13,189 [INFO] DbExamplesSqlite:767 - Set database path to: C:\Users\gianl\.stmcufinder\plugins\mcufinder//mcu/
2022-02-27 19:32:13,315 [INFO] RulesReader:57 - Compatibility file has been processed (242 Rules)
2022-02-27 19:32:13,422 [INFO] DbMcusXml:74 - Set database path to: E:\STM32CubeIDE_1.7.0\STM32CubeIDE\plugins\com.st.stm32cube.common.mx_6.3.0.202107141111\\db\/mcu/
2022-02-27 19:32:13,423 [INFO] DbBoardsPdsc:56 - Set plugin database path to: E:\STM32CubeIDE_1.7.0\STM32CubeIDE\plugins\com.st.stm32cube.common.mx_6.3.0.202107141111\\db\/plugins/boardmanager/
2022-02-27 19:32:13,423 [INFO] DbMcus:258 - Set plugin images path to: E:\STM32CubeIDE_1.7.0\STM32CubeIDE\plugins\com.st.stm32cube.common.mx_6.3.0.202107141111\\db\/plugins/mcufinder/images/
2022-02-27 19:32:13,423 [INFO] DbBoards:264 - Set plugin images path to: E:\STM32CubeIDE_1.7.0\STM32CubeIDE\plugins\com.st.stm32cube.common.mx_6.3.0.202107141111\\db\/plugins/mcufinder/images/
2022-02-27 19:32:13,423 [INFO] DbExamples:333 - Set plugin images path to: E:\STM32CubeIDE_1.7.0\STM32CubeIDE\plugins\com.st.stm32cube.common.mx_6.3.0.202107141111\\db\/plugins/mcufinder/images/
2022-02-27 19:32:13,424 [WARN] DbFile:35 - Overriding database path with different value: C:\Users\gianl\.stmcufinder\plugins\mcufinder/ => C:\Users\gianl\.stmcufinder\plugins\mcufinder
2022-02-27 19:32:13,424 [INFO] DbMcusAds:119 - Set database path to: C:\Users\gianl\.stmcufinder\plugins\mcufinder//mcu/
2022-02-27 19:32:13,424 [WARN] DbFile:35 - Overriding database path with different value: C:\Users\gianl\.stmcufinder\plugins\mcufinder/ => C:\Users\gianl\.stmcufinder\plugins\mcufinder
2022-02-27 19:32:13,424 [INFO] DbMcusDocs:110 - Set database path to: C:\Users\gianl\.stmcufinder\plugins\mcufinder//mcu/
2022-02-27 19:32:13,424 [WARN] DbFile:35 - Overriding database path with different value: C:\Users\gianl\.stmcufinder\plugins\mcufinder/ => C:\Users\gianl\.stmcufinder\plugins\mcufinder
2022-02-27 19:32:13,424 [INFO] DbMcusJson:64 - Set database path to: C:\Users\gianl\.stmcufinder\plugins\mcufinder//mcu/
2022-02-27 19:32:13,424 [WARN] DbFile:35 - Overriding database path with different value: C:\Users\gianl\.stmcufinder\plugins\mcufinder/ => C:\Users\gianl\.stmcufinder\plugins\mcufinder
2022-02-27 19:32:13,424 [INFO] DbBoardsDocs:110 - Set database path to: C:\Users\gianl\.stmcufinder\plugins\mcufinder//mcu/
2022-02-27 19:32:13,424 [WARN] DbFile:35 - Overriding database path with different value: C:\Users\gianl\.stmcufinder\plugins\mcufinder/ => C:\Users\gianl\.stmcufinder\plugins\mcufinder
2022-02-27 19:32:13,424 [INFO] DbBoardsJson:57 - Set database path to: C:\Users\gianl\.stmcufinder\plugins\mcufinder//mcu/
2022-02-27 19:32:13,424 [WARN] DbFile:35 - Overriding database path with different value: C:\Users\gianl\.stmcufinder\plugins\mcufinder/ => C:\Users\gianl\.stmcufinder\plugins\mcufinder
2022-02-27 19:32:13,425 [WARN] DbFile:35 - Overriding database path with different value: C:\Users\gianl\.stmcufinder\plugins\mcufinder/ => C:\Users\gianl\.stmcufinder\plugins\mcufinder
2022-02-27 19:32:13,425 [INFO] CrossReferenceDbSqlite:196 - Set database path to: C:\Users\gianl\.stmcufinder\plugins\mcufinder//mcu/cs/
2022-02-27 19:32:13,425 [WARN] DbFile:35 - Overriding database path with different value: C:\Users\gianl\.stmcufinder\plugins\mcufinder/ => C:\Users\gianl\.stmcufinder\plugins\mcufinder
2022-02-27 19:32:13,425 [INFO] DbExamplesSqlite:767 - Set database path to: C:\Users\gianl\.stmcufinder\plugins\mcufinder//mcu/
2022-02-27 19:32:13,509 [INFO] MainPanel:214 - HeapMemory: 268435456
2022-02-27 19:32:13,602 [INFO] DbMcusXml:74 - Set database path to: E:\STM32CubeIDE_1.7.0\STM32CubeIDE\plugins\com.st.stm32cube.common.mx_6.3.0.202107141111\\db\/mcu/
2022-02-27 19:32:13,602 [INFO] DbBoardsPdsc:56 - Set plugin database path to: E:\STM32CubeIDE_1.7.0\STM32CubeIDE\plugins\com.st.stm32cube.common.mx_6.3.0.202107141111\\db\/plugins/boardmanager/
2022-02-27 19:32:13,602 [INFO] DbMcus:258 - Set plugin images path to: E:\STM32CubeIDE_1.7.0\STM32CubeIDE\plugins\com.st.stm32cube.common.mx_6.3.0.202107141111\\db\/plugins/mcufinder/images/
2022-02-27 19:32:13,602 [INFO] DbBoards:264 - Set plugin images path to: E:\STM32CubeIDE_1.7.0\STM32CubeIDE\plugins\com.st.stm32cube.common.mx_6.3.0.202107141111\\db\/plugins/mcufinder/images/
2022-02-27 19:32:13,602 [INFO] DbExamples:333 - Set plugin images path to: E:\STM32CubeIDE_1.7.0\STM32CubeIDE\plugins\com.st.stm32cube.common.mx_6.3.0.202107141111\\db\/plugins/mcufinder/images/
2022-02-27 19:32:13,603 [WARN] DbFile:35 - Overriding database path with different value: C:\Users\gianl\.stmcufinder\plugins\mcufinder/ => C:\Users\gianl\.stmcufinder\plugins\mcufinder
2022-02-27 19:32:13,603 [INFO] DbMcusAds:119 - Set database path to: C:\Users\gianl\.stmcufinder\plugins\mcufinder//mcu/
2022-02-27 19:32:13,603 [WARN] DbFile:35 - Overriding database path with different value: C:\Users\gianl\.stmcufinder\plugins\mcufinder/ => C:\Users\gianl\.stmcufinder\plugins\mcufinder
2022-02-27 19:32:13,603 [INFO] DbMcusDocs:110 - Set database path to: C:\Users\gianl\.stmcufinder\plugins\mcufinder//mcu/
2022-02-27 19:32:13,603 [WARN] DbFile:35 - Overriding database path with different value: C:\Users\gianl\.stmcufinder\plugins\mcufinder/ => C:\Users\gianl\.stmcufinder\plugins\mcufinder
2022-02-27 19:32:13,603 [INFO] DbMcusJson:64 - Set database path to: C:\Users\gianl\.stmcufinder\plugins\mcufinder//mcu/
2022-02-27 19:32:13,603 [WARN] DbFile:35 - Overriding database path with different value: C:\Users\gianl\.stmcufinder\plugins\mcufinder/ => C:\Users\gianl\.stmcufinder\plugins\mcufinder
2022-02-27 19:32:13,603 [INFO] DbBoardsDocs:110 - Set database path to: C:\Users\gianl\.stmcufinder\plugins\mcufinder//mcu/
2022-02-27 19:32:13,603 [WARN] DbFile:35 - Overriding database path with different value: C:\Users\gianl\.stmcufinder\plugins\mcufinder/ => C:\Users\gianl\.stmcufinder\plugins\mcufinder
2022-02-27 19:32:13,603 [INFO] DbBoardsJson:57 - Set database path to: C:\Users\gianl\.stmcufinder\plugins\mcufinder//mcu/
2022-02-27 19:32:13,603 [WARN] DbFile:35 - Overriding database path with different value: C:\Users\gianl\.stmcufinder\plugins\mcufinder/ => C:\Users\gianl\.stmcufinder\plugins\mcufinder
2022-02-27 19:32:13,603 [WARN] DbFile:35 - Overriding database path with different value: C:\Users\gianl\.stmcufinder\plugins\mcufinder/ => C:\Users\gianl\.stmcufinder\plugins\mcufinder
2022-02-27 19:32:13,604 [INFO] CrossReferenceDbSqlite:196 - Set database path to: C:\Users\gianl\.stmcufinder\plugins\mcufinder//mcu/cs/
2022-02-27 19:32:13,604 [WARN] DbFile:35 - Overriding database path with different value: C:\Users\gianl\.stmcufinder\plugins\mcufinder/ => C:\Users\gianl\.stmcufinder\plugins\mcufinder
2022-02-27 19:32:13,604 [INFO] DbExamplesSqlite:767 - Set database path to: C:\Users\gianl\.stmcufinder\plugins\mcufinder//mcu/
2022-02-27 19:32:13,620 [INFO] ApplicationProperties:181 - Using Application install path: E:\STM32CubeIDE_1.7.0\STM32CubeIDE\plugins\com.st.stm32cube.common.mx_6.3.0.202107141111
2022-02-27 19:32:13,621 [INFO] PluginManage:188 - Search for loadable plugins [exclusion list=, ]
2022-02-27 19:32:13,622 [INFO] PluginManage:302 - Check plugin analytics
2022-02-27 19:32:13,757 [INFO] AnalyticsPlugin:257 - Accepted Software Licenses: 
2022-02-27 19:32:13,757 [INFO] AnalyticsPlugin:259 - Accepted CMSIS Pack Licenses: 
2022-02-27 19:32:13,757 [INFO] AnalyticsPlugin:261 - Accepted Firmware Licenses: 
2022-02-27 19:32:13,758 [INFO] PluginManage:352 - Loaded plugin analytics (category:tool,tabindex:-1)
2022-02-27 19:32:13,758 [INFO] PluginManage:302 - Check plugin clock
2022-02-27 19:32:13,779 [INFO] PluginManage:352 - Loaded plugin clock (category:base,tabindex:2)
2022-02-27 19:32:13,780 [INFO] PluginManage:302 - Check plugin ddr
2022-02-27 19:32:13,781 [INFO] PluginManage:352 - Loaded plugin ddr (category:tool,tabindex:6)
2022-02-27 19:32:13,781 [INFO] PluginManage:302 - Check plugin filemanager
2022-02-27 19:32:13,943 [INFO] PluginManage:352 - Loaded plugin filemanager (category:base,tabindex:10)
2022-02-27 19:32:13,944 [INFO] PluginManage:302 - Check plugin ipmanager
2022-02-27 19:32:13,958 [INFO] PluginManage:352 - Loaded plugin ipmanager (category:base,tabindex:5)
2022-02-27 19:32:13,958 [INFO] PluginManage:302 - Check plugin pinoutandconfiguration
2022-02-27 19:32:13,970 [INFO] PluginManage:352 - Loaded plugin pinoutandconfiguration (category:base,tabindex:1)
2022-02-27 19:32:13,970 [INFO] PluginManage:302 - Check plugin pinoutconfig
2022-02-27 19:32:14,017 [INFO] PluginManage:352 - Loaded plugin pinoutconfig (category:base,tabindex:0)
2022-02-27 19:32:14,018 [INFO] PluginManage:302 - Check plugin power
2022-02-27 19:32:14,039 [INFO] PluginManage:352 - Loaded plugin power (category:power,tabindex:4)
2022-02-27 19:32:14,039 [INFO] PluginManage:302 - Check plugin projectmanager
2022-02-27 19:32:14,058 [INFO] PluginManage:352 - Loaded plugin projectmanager (category:projectmanager,tabindex:3)
2022-02-27 19:32:14,058 [INFO] PluginManage:302 - Check plugin thirdparty
2022-02-27 19:32:14,225 [INFO] PluginManage:352 - Loaded plugin thirdparty (category:base,tabindex:-1)
2022-02-27 19:32:14,225 [WARN] IntegrityCheckThread:78 - waiting for thirdparty lock release [integrity check]
2022-02-27 19:32:14,225 [INFO] PluginManage:302 - Check plugin tools
2022-02-27 19:32:14,225 [INFO] IntegrityCheckThread:80 - entering critical section [integrity check]
2022-02-27 19:32:14,225 [INFO] ThirdPartyUpdaterWithRetryManager:66 - Updater plugin not ready yet. [1/15]
2022-02-27 19:32:14,257 [INFO] PluginManage:352 - Loaded plugin tools (category:base,tabindex:7)
2022-02-27 19:32:14,257 [INFO] PluginManage:302 - Check plugin tutovideos
2022-02-27 19:32:14,433 [INFO] PluginManage:352 - Loaded plugin tutovideos (category:base,tabindex:-1)
2022-02-27 19:32:14,433 [INFO] PluginManage:302 - Check plugin updater
2022-02-27 19:32:14,455 [INFO] PluginManage:352 - Loaded plugin updater (category:base,tabindex:12)
2022-02-27 19:32:14,455 [INFO] PluginManage:275 - PluginManage : Loaded plugins [13]
2022-02-27 19:32:14,651 [INFO] PinOutPanel:1463 - setPackage(No Configuration,No Configuration)
2022-02-27 19:32:14,785 [INFO] IPUIPlugin:74 - create IPUIPlugin
2022-02-27 19:32:14,786 [INFO] PluginManager:213 - loadIPPluginJar : add adc
2022-02-27 19:32:14,810 [INFO] IPUIPlugin:74 - create IPUIPlugin
2022-02-27 19:32:14,810 [INFO] PluginManager:213 - loadIPPluginJar : add aes
2022-02-27 19:32:14,836 [INFO] IPUIPlugin:74 - create IPUIPlugin
2022-02-27 19:32:14,836 [INFO] PluginManager:213 - loadIPPluginJar : add can
2022-02-27 19:32:14,853 [INFO] IPUIPlugin:74 - create IPUIPlugin
2022-02-27 19:32:14,853 [INFO] PluginManager:213 - loadIPPluginJar : add comp
2022-02-27 19:32:14,873 [INFO] IPUIPlugin:74 - create IPUIPlugin
2022-02-27 19:32:14,873 [INFO] PluginManager:213 - loadIPPluginJar : add cryp
2022-02-27 19:32:14,893 [INFO] IPUIPlugin:74 - create IPUIPlugin
2022-02-27 19:32:14,893 [INFO] PluginManager:213 - loadIPPluginJar : add dfsdm
2022-02-27 19:32:14,901 [INFO] IPUIPlugin:74 - create IPUIPlugin
2022-02-27 19:32:14,901 [INFO] PluginManager:213 - loadIPPluginJar : add dma
2022-02-27 19:32:14,928 [INFO] IPUIPlugin:74 - create IPUIPlugin
2022-02-27 19:32:14,928 [INFO] PluginManager:213 - loadIPPluginJar : add dma3
2022-02-27 19:32:14,943 [INFO] IPUIPlugin:74 - create IPUIPlugin
2022-02-27 19:32:14,943 [INFO] PluginManager:213 - loadIPPluginJar : add fatfs
2022-02-27 19:32:14,976 [INFO] IPUIPlugin:74 - create IPUIPlugin
2022-02-27 19:32:14,976 [INFO] PluginManager:213 - loadIPPluginJar : add fmc
2022-02-27 19:32:14,987 [INFO] IPUIPlugin:74 - create IPUIPlugin
2022-02-27 19:32:14,988 [INFO] PluginManager:213 - loadIPPluginJar : add freertos
2022-02-27 19:32:15,002 [INFO] IPUIPlugin:74 - create IPUIPlugin
2022-02-27 19:32:15,003 [INFO] PluginManager:213 - loadIPPluginJar : add genericplugin
2022-02-27 19:32:15,052 [INFO] IPUIPlugin:74 - create IPUIPlugin
2022-02-27 19:32:15,052 [INFO] PluginManager:213 - loadIPPluginJar : add gfxmmu
2022-02-27 19:32:15,124 [INFO] IPUIPlugin:74 - create IPUIPlugin
2022-02-27 19:32:15,124 [INFO] PluginManager:213 - loadIPPluginJar : add gic
2022-02-27 19:32:15,132 [INFO] IPUIPlugin:74 - create IPUIPlugin
2022-02-27 19:32:15,133 [INFO] PluginManager:213 - loadIPPluginJar : add gpio
2022-02-27 19:32:15,178 [INFO] IPUIPlugin:74 - create IPUIPlugin
2022-02-27 19:32:15,178 [INFO] PluginManager:213 - loadIPPluginJar : add gtzc
2022-02-27 19:32:15,197 [INFO] IPUIPlugin:74 - create IPUIPlugin
2022-02-27 19:32:15,197 [INFO] PluginManager:213 - loadIPPluginJar : add hash
2022-02-27 19:32:15,228 [INFO] IPUIPlugin:74 - create IPUIPlugin
2022-02-27 19:32:15,229 [INFO] PluginManager:213 - loadIPPluginJar : add i2c
2022-02-27 19:32:15,254 [INFO] IPUIPlugin:74 - create IPUIPlugin
2022-02-27 19:32:15,254 [INFO] PluginManager:213 - loadIPPluginJar : add i2s
2022-02-27 19:32:15,261 [INFO] IPUIPlugin:74 - create IPUIPlugin
2022-02-27 19:32:15,261 [INFO] PluginManager:213 - loadIPPluginJar : add ipddr
2022-02-27 19:32:15,314 [INFO] IPUIPlugin:74 - create IPUIPlugin
2022-02-27 19:32:15,315 [INFO] PluginManager:213 - loadIPPluginJar : add linkedlist
2022-02-27 19:32:15,337 [INFO] IPUIPlugin:74 - create IPUIPlugin
2022-02-27 19:32:15,337 [INFO] PluginManager:213 - loadIPPluginJar : add lorawan
2022-02-27 19:32:15,360 [INFO] IPUIPlugin:74 - create IPUIPlugin
2022-02-27 19:32:15,360 [INFO] PluginManager:213 - loadIPPluginJar : add ltdc
2022-02-27 19:32:15,367 [INFO] IPUIPlugin:74 - create IPUIPlugin
2022-02-27 19:32:15,367 [INFO] PluginManager:213 - loadIPPluginJar : add mdma
2022-02-27 19:32:15,375 [INFO] IPUIPlugin:74 - create IPUIPlugin
2022-02-27 19:32:15,375 [INFO] PluginManager:213 - loadIPPluginJar : add nvic
2022-02-27 19:32:15,398 [INFO] IPUIPlugin:74 - create IPUIPlugin
2022-02-27 19:32:15,398 [INFO] PluginManager:213 - loadIPPluginJar : add opamp
2022-02-27 19:32:15,435 [INFO] IPUIPlugin:74 - create IPUIPlugin
2022-02-27 19:32:15,435 [INFO] PluginManager:213 - loadIPPluginJar : add openamp
2022-02-27 19:32:15,461 [INFO] IPUIPlugin:74 - create IPUIPlugin
2022-02-27 19:32:15,461 [INFO] PluginManager:213 - loadIPPluginJar : add pdm2pcm
2022-02-27 19:32:15,471 [INFO] IPUIPlugin:74 - create IPUIPlugin
2022-02-27 19:32:15,473 [INFO] PluginManager:213 - loadIPPluginJar : add plateformsettings
2022-02-27 19:32:15,489 [INFO] IPUIPlugin:74 - create IPUIPlugin
2022-02-27 19:32:15,489 [INFO] PluginManager:213 - loadIPPluginJar : add quadspi
2022-02-27 19:32:15,497 [INFO] IPUIPlugin:74 - create IPUIPlugin
2022-02-27 19:32:15,497 [INFO] PluginManager:213 - loadIPPluginJar : add resmgrutility
2022-02-27 19:32:15,531 [INFO] IPUIPlugin:74 - create IPUIPlugin
2022-02-27 19:32:15,531 [INFO] PluginManager:213 - loadIPPluginJar : add sai
2022-02-27 19:32:15,555 [INFO] IPUIPlugin:74 - create IPUIPlugin
2022-02-27 19:32:15,555 [INFO] PluginManager:213 - loadIPPluginJar : add spi
2022-02-27 19:32:15,589 [INFO] IPUIPlugin:74 - create IPUIPlugin
2022-02-27 19:32:15,590 [INFO] PluginManager:213 - loadIPPluginJar : add stm32_wpan
2022-02-27 19:32:15,606 [INFO] IPUIPlugin:74 - create IPUIPlugin
2022-02-27 19:32:15,606 [INFO] PluginManager:213 - loadIPPluginJar : add tim
2022-02-27 19:32:15,646 [INFO] IPUIPlugin:74 - create IPUIPlugin
2022-02-27 19:32:15,646 [INFO] PluginManager:213 - loadIPPluginJar : add touchsensing
2022-02-27 19:32:15,663 [INFO] IPUIPlugin:74 - create IPUIPlugin
2022-02-27 19:32:15,663 [INFO] PluginManager:213 - loadIPPluginJar : add tracer_emb
2022-02-27 19:32:15,680 [INFO] IPUIPlugin:74 - create IPUIPlugin
2022-02-27 19:32:15,680 [INFO] PluginManager:213 - loadIPPluginJar : add ts
2022-02-27 19:32:15,696 [INFO] IPUIPlugin:74 - create IPUIPlugin
2022-02-27 19:32:15,696 [INFO] PluginManager:213 - loadIPPluginJar : add tsc
2022-02-27 19:32:15,712 [INFO] IPUIPlugin:74 - create IPUIPlugin
2022-02-27 19:32:15,712 [INFO] PluginManager:213 - loadIPPluginJar : add ucpd
2022-02-27 19:32:15,753 [INFO] IPUIPlugin:74 - create IPUIPlugin
2022-02-27 19:32:15,754 [INFO] PluginManager:213 - loadIPPluginJar : add usart
2022-02-27 19:32:15,788 [INFO] IPUIPlugin:74 - create IPUIPlugin
2022-02-27 19:32:15,788 [INFO] PluginManager:213 - loadIPPluginJar : add usbx
2022-02-27 19:32:16,060 [FATAL] Updater:294 - Updater called before beeing initialized
2022-02-27 19:32:16,134 [FATAL] Updater:294 - Updater called before beeing initialized
2022-02-27 19:32:16,140 [INFO] DbMcusAds:47 - JSON generation date=Thu Sep 30 02:55:10 EDT 2021 (1632984910476)
2022-02-27 19:32:16,140 [FATAL] Updater:294 - Updater called before beeing initialized
2022-02-27 19:32:16,243 [WARN] DetailPanel:314 - Failed to get advertising image, set to default
2022-02-27 19:32:16,317 [FATAL] Updater:294 - Updater called before beeing initialized
2022-02-27 19:32:16,319 [FATAL] Updater:294 - Updater called before beeing initialized
2022-02-27 19:32:16,319 [FATAL] Updater:294 - Updater called before beeing initialized
2022-02-27 19:32:16,319 [WARN] DetailPanel:314 - Failed to get advertising image, set to default
2022-02-27 19:32:16,320 [FATAL] Updater:294 - Updater called before beeing initialized
2022-02-27 19:32:16,361 [ERROR] Updater:1075 - MainUpdater not yet initialized. External WinMGr cannot be set.
2022-02-27 19:32:16,367 [INFO] Updater:1012 - Updater Version found : 6.3.0
2022-02-27 19:32:16,393 [INFO] ApplicationProperties:181 - Using Application install path: E:\STM32CubeIDE_1.7.0\STM32CubeIDE\plugins\com.st.stm32cube.common.mx_6.3.0.202107141111
2022-02-27 19:32:16,907 [INFO] MainUpdater:2671 - connection check result : 10
2022-02-27 19:32:16,907 [INFO] MainUpdater:265 - Updater Check For Update Now.
2022-02-27 19:32:16,907 [INFO] MicroXplorer:478 - Change Database Version : DB.6.0.30
2022-02-27 19:32:17,060 [INFO] CheckServerUpdateThread:112 - End of CheckServer Thread
2022-02-27 19:32:17,154 [INFO] MainUpdater:2671 - connection check result : 10
2022-02-27 19:32:17,346 [WARN] PackLoader:238 - Cannot read IP mode file for wolfSSL.I-CUBE-wolfSSL.5.2.0
2022-02-27 19:32:17,357 [WARN] PackLoader:238 - Cannot read IP mode file for STMicroelectronics.X-CUBE-AI.7.1.0
2022-02-27 19:32:17,368 [WARN] PackLoader:238 - Cannot read IP mode file for STMicroelectronics.X-CUBE-BLE1.6.2.2
2022-02-27 19:32:17,377 [WARN] PackLoader:238 - Cannot read IP mode file for STMicroelectronics.X-CUBE-BLE2.3.2.2
2022-02-27 19:32:17,388 [WARN] PackLoader:238 - Cannot read IP mode file for STMicroelectronics.X-CUBE-NFC4.2.0.3
2022-02-27 19:32:17,402 [WARN] PackLoader:238 - Cannot read IP mode file for STMicroelectronics.X-CUBE-SFXS2LP1.3.1.0
2022-02-27 19:32:17,435 [WARN] PackLoader:238 - Cannot read IP mode file for STMicroelectronics.X-CUBE-AZRTOS-F4.1.0.0
2022-02-27 19:32:17,440 [INFO] McuFinderGlobals:52 - Set McuFinderConnectedMode to false
2022-02-27 19:32:17,454 [WARN] PackLoader:238 - Cannot read IP mode file for STMicroelectronics.X-CUBE-SUBG2.4.2.0
2022-02-27 19:32:17,491 [WARN] PackLoader:238 - Cannot read IP mode file for STMicroelectronics.X-CUBE-AZRTOS-G0.1.0.0
2022-02-27 19:32:17,501 [WARN] PackLoader:238 - Cannot read IP mode file for STMicroelectronics.X-CUBE-TOUCHGFX.4.18.1
2022-02-27 19:32:17,513 [WARN] PackLoader:238 - Cannot read IP mode file for RoweBots.I-CUBE-UNISONRTOS.5.5.0-4
2022-02-27 19:32:17,517 [INFO] CrossSelectorPresenter:1330 - Cross Selector saved comparison directory: C:\Users\gianl\.stmcufinder\plugins\mcufinder\mcu\cs_comparisons_mx
2022-02-27 19:32:17,521 [INFO] MultiScanPanel:197 - Auto-refresh data requested => check proxy status ongoing
2022-02-27 19:32:17,522 [INFO] MultiScanPanel:201 - Proxy status is invalid
2022-02-27 19:32:17,523 [WARN] PackLoader:238 - Cannot read IP mode file for STMicroelectronics.X-CUBE-ALGOBUILD.1.3.0
2022-02-27 19:32:17,524 [INFO] FinderPluginLoader:87 - Searching for filters in installed packs
2022-02-27 19:32:17,525 [INFO] DbMcusXml:100 - Load MCU database from E:\STM32CubeIDE_1.7.0\STM32CubeIDE\plugins\com.st.stm32cube.common.mx_6.3.0.202107141111\\db\/mcu/families.xml
2022-02-27 19:32:17,561 [WARN] PackLoader:238 - Cannot read IP mode file for SEGGER.I-CUBE-embOS.1.2.0
2022-02-27 19:32:17,625 [WARN] PackLoader:238 - Cannot read IP mode file for STMicroelectronics.X-CUBE-AZRTOS-H7.2.0.0
2022-02-27 19:32:17,647 [WARN] PackLoader:238 - Cannot read IP mode file for STMicroelectronics.X-CUBE-AZRTOS-G4.1.0.0
2022-02-27 19:32:17,672 [WARN] PackLoader:238 - Cannot read IP mode file for STMicroelectronics.X-CUBE-AZRTOS-L4.1.0.0
2022-02-27 19:32:17,698 [WARN] PackLoader:238 - Cannot read IP mode file for STMicroelectronics.X-CUBE-AZRTOS-F7.1.0.0
2022-02-27 19:32:17,726 [WARN] PackLoader:238 - Cannot read IP mode file for STMicroelectronics.X-CUBE-AZRTOS-WL.1.0.0
2022-02-27 19:32:17,774 [WARN] PackLoader:238 - Cannot read IP mode file for STMicroelectronics.X-CUBE-MEMS1.9.1.0
2022-02-27 19:32:17,941 [WARN] PackLoader:238 - Cannot read IP mode file for STMicroelectronics.X-CUBE-ALS.1.0.1
2022-02-27 19:32:17,980 [WARN] PackLoader:238 - Cannot read IP mode file for STMicroelectronics.X-CUBE-AZRTOS-L5.1.0.0
2022-02-27 19:32:17,992 [WARN] PackLoader:238 - Cannot read IP mode file for STMicroelectronics.X-CUBE-EEPRMA1.3.1.1
2022-02-27 19:32:18,002 [WARN] PackLoader:238 - Cannot read IP mode file for STMicroelectronics.X-CUBE-GNSS1.5.2.0
2022-02-27 19:32:18,011 [WARN] PackLoader:238 - Cannot read IP mode file for STMicroelectronics.X-CUBE-DISPLAY.2.0.1
2022-02-27 19:32:18,025 [WARN] PackLoader:238 - Cannot read IP mode file for STMicroelectronics.X-CUBE-TOF1.3.0.0
2022-02-27 19:32:18,027 [INFO] ThirdParty:915 - Integrity check success = true
2022-02-27 19:32:18,027 [INFO] IntegrityCheckThread:94 - exiting critical section [integrity check]
2022-02-27 19:32:18,027 [INFO] IntegrityCheckThread:97 - End integrity checks thread
2022-02-27 19:32:18,231 [INFO] DbMcusJson:93 - JSON generation date=Tue Nov 16 11:17:54 EST 2021 (1637079474)
2022-02-27 19:32:18,767 [INFO] DbMcus:175 - Found 1951 MCUs (1903 are supported by CubeMX, 1914 are visible in CubeMX)
2022-02-27 19:32:18,768 [INFO] ApiDb:251 - Load user favorites file C:\Users\gianl/.stm32cubeide/favorites.mcus.txt: 0 item(s)
2022-02-27 19:32:18,768 [INFO] ApiDb:255 - User favorites MCUs=[]
2022-02-27 19:32:18,768 [INFO] DbMcus:187 - Set 0 / 0 favorites MCUs
2022-02-27 19:32:19,191 [INFO] DetailPanel:309 - Set advertising image to C:/Users/gianl/STM32Cube/Repository/\en.Prom_NBSTM32U50921.jpg
2022-02-27 19:32:19,578 [INFO] DbBoardsPdsc:90 - Found 25 items
2022-02-27 19:32:19,584 [INFO] DbBoardsPdsc:90 - Found 9 items
2022-02-27 19:32:19,591 [INFO] DbBoardsPdsc:90 - Found 33 items
2022-02-27 19:32:19,596 [INFO] DbBoardsPdsc:90 - Found 1 items
2022-02-27 19:32:19,607 [INFO] DbBoardsPdsc:90 - Found 48 items
2022-02-27 19:32:19,618 [INFO] DbBoardsPdsc:90 - Found 43 items
2022-02-27 19:32:19,623 [INFO] DbBoardsPdsc:90 - Found 2 items
2022-02-27 19:32:19,629 [INFO] DbBoardsPdsc:90 - Found 5 items
2022-02-27 19:32:19,632 [WARN] DbBoardsPdsc:254 - Board STM32H7B3I-DK: unknown feature type=Audio, name=, username=Audio stereo codec with Headphone Amp (CS42L51-CNZ), n=1
2022-02-27 19:32:19,632 [WARN] DbBoardsPdsc:254 - Board STM32H735G-DK: unknown feature type=Audio, name=, username=Audio stereo codec with Headphone Amp (WM8994ECS/R), n=1
2022-02-27 19:32:19,634 [WARN] DbBoardsPdsc:254 - Board STM32H7B3I-EVAL: unknown feature type=Audio, name=, username=Multi-Channel Audio Codec (CS42L51-CNZ), n=1
2022-02-27 19:32:19,634 [WARN] DbBoardsPdsc:254 - Board STM32H7B3I-EVAL: unknown feature type=Meter, name=, username=Power-metering and Temperature-monitoring with sigma-delta modulators, n=1
2022-02-27 19:32:19,634 [WARN] DbBoardsPdsc:254 - Board STM32H7B3I-EVAL: unknown feature type=Motor, name=, username=Motor Control, n=1
2022-02-27 19:32:19,635 [WARN] DbBoardsPdsc:254 - Board STM32U575I-EV: unknown feature type=joystick, name=, username=4-direction joystick with selection button, n=1
2022-02-27 19:32:19,671 [INFO] DbBoardsJson:86 - JSON generation date=Tue Nov 16 11:17:54 EST 2021 (1637079474)
2022-02-27 19:32:19,676 [INFO] DbBoards:117 - Found 167 boards (163 are supported by CubeMX)
2022-02-27 19:32:19,683 [INFO] DbBoardsDocs:143 - JSON generation date=Tue Nov 16 11:17:54 EST 2021 (1637079474)
2022-02-27 19:32:19,686 [INFO] DbBoardsDocs:79 - Found 209 boards documents
2022-02-27 19:32:19,686 [WARN] DbBoards:127 - board B-L475E-IOT01A2 has no document id list !
2022-02-27 19:32:19,687 [WARN] DbBoards:127 - board NUCLEO-H743ZI has no document id list !
2022-02-27 19:32:19,688 [WARN] DbBoards:127 - board NUCLEO-WL55JC2 has no document id list !
2022-02-27 19:32:19,688 [WARN] DbBoards:127 - board P-NUCLEO-WB55-Nucleo has no document id list !
2022-02-27 19:32:19,688 [WARN] DbBoards:127 - board P-NUCLEO-WB55-USBDongle has no document id list !
2022-02-27 19:32:19,688 [WARN] DbBoards:127 - board STEVAL-BFA001V1B has no document id list !
2022-02-27 19:32:19,688 [WARN] DbBoards:127 - board STEVAL-BFA001V2B has no document id list !
2022-02-27 19:32:19,688 [WARN] DbBoards:127 - board STEVAL-IDP005V1 has no document id list !
2022-02-27 19:32:19,688 [WARN] DbBoards:127 - board STEVAL-IDP005V2 has no document id list !
2022-02-27 19:32:19,688 [WARN] DbBoards:127 - board STEVAL-MKSBOX1V1 has no document id list !
2022-02-27 19:32:19,688 [WARN] DbBoards:127 - board STEVAL-STWINKT1 has no document id list !
2022-02-27 19:32:19,688 [WARN] DbBoards:127 - board STEVAL-STWINKT1B has no document id list !
2022-02-27 19:32:19,689 [WARN] DbBoards:127 - board STM32439I-EVAL2 has no document id list !
2022-02-27 19:32:19,689 [WARN] DbBoards:127 - board STM32F401C-DISCO has no document id list !
2022-02-27 19:32:19,689 [WARN] DbBoards:127 - board STM32F769I-DISC1 has no document id list !
2022-02-27 19:32:19,690 [WARN] DbBoards:127 - board STM32G474E-EVAL1 has no document id list !
2022-02-27 19:32:19,690 [WARN] DbBoards:127 - board STM32H743I-EVAL2 has no document id list !
2022-02-27 19:32:19,690 [WARN] DbBoards:127 - board STM32H747I-DISC1 has no document id list !
2022-02-27 19:32:19,690 [WARN] DbBoards:127 - board STM32H753I-EVAL2 has no document id list !
2022-02-27 19:32:19,690 [WARN] DbBoards:127 - board STM32L-DISCOVERY has no document id list !
2022-02-27 19:32:19,831 [ERROR] DbBoards:189 - Image file not found for board B-U585I-IOT02A: E:\STM32CubeIDE_1.7.0\STM32CubeIDE\plugins\com.st.stm32cube.common.mx_6.3.0.202107141111\\db\/plugins/mcufinder/images/boards/B-U585I-IOT02A_small.jpg
2022-02-27 19:32:19,917 [ERROR] DbBoards:189 - Image file not found for board NUCLEO-F413ZH: E:\STM32CubeIDE_1.7.0\STM32CubeIDE\plugins\com.st.stm32cube.common.mx_6.3.0.202107141111\\db\/plugins/mcufinder/images/boards/nucleo-f413zh_small.jpg
2022-02-27 19:32:20,072 [ERROR] DbBoards:189 - Image file not found for board NUCLEO-L552ZE-Q: E:\STM32CubeIDE_1.7.0\STM32CubeIDE\plugins\com.st.stm32cube.common.mx_6.3.0.202107141111\\db\/plugins/mcufinder/images/boards/nucleo_l552ze_q_small.jpg
2022-02-27 19:32:20,072 [ERROR] DbBoards:189 - Image file not found for board NUCLEO-U575ZI-Q: E:\STM32CubeIDE_1.7.0\STM32CubeIDE\plugins\com.st.stm32cube.common.mx_6.3.0.202107141111\\db\/plugins/mcufinder/images/boards/nucleo-u575zi-q_small.jpg
2022-02-27 19:32:20,072 [ERROR] DbBoards:189 - Image file not found for board NUCLEO-WB15CC: E:\STM32CubeIDE_1.7.0\STM32CubeIDE\plugins\com.st.stm32cube.common.mx_6.3.0.202107141111\\db\/plugins/mcufinder/images/boards/nucleo-wb15cc_small.jpg
2022-02-27 19:32:20,072 [ERROR] DbBoards:189 - Image file not found for board NUCLEO-WB55RG: E:\STM32CubeIDE_1.7.0\STM32CubeIDE\plugins\com.st.stm32cube.common.mx_6.3.0.202107141111\\db\/plugins/mcufinder/images/boards/nucleo-wb55rg_small.jpg
2022-02-27 19:32:21,193 [INFO] ApiDb:251 - Load user favorites file C:\Users\gianl/.stm32cubeide/favorites.boards.txt: 0 item(s)
2022-02-27 19:32:21,194 [INFO] ApiDb:255 - User favorites Boards=[]
2022-02-27 19:32:21,194 [INFO] DbBoards:206 - Set 0 / 0 favorites Boards
2022-02-27 19:32:26,643 [INFO] MultiScanPanel:197 - Auto-refresh data requested => check proxy status ongoing
2022-02-27 19:32:26,643 [INFO] MultiScanPanel:201 - Proxy status is invalid
2022-02-27 19:32:26,684 [INFO] DetailPanel:309 - Set advertising image to C:/Users/gianl/STM32Cube/Repository/\en.Prom_NBSTM32U50921.jpg
2022-02-27 19:32:51,239 [INFO] McuFinderGlobals:52 - Set McuFinderConnectedMode to true
2022-02-27 19:32:51,240 [INFO] ApiDb:276 - Save user favorites file C:\Users\gianl/.stm32cubeide/favorites.mcus.txt: 0 item(s)
2022-02-27 19:32:51,240 [INFO] ApiDb:280 - User favorites MCUs=[]
2022-02-27 19:32:51,241 [INFO] ApiDb:276 - Save user favorites file C:\Users\gianl/.stm32cubeide/favorites.boards.txt: 0 item(s)
2022-02-27 19:32:51,241 [INFO] ApiDb:280 - User favorites Boards=[]
2022-02-27 20:23:02,489 [INFO] Activator:177 - 


2022-02-27 20:23:02,490 [INFO] Activator:178 - !SESSION log4j initialized
2022-02-27 21:13:58,032 [INFO] Activator:177 - 


2022-02-27 21:13:58,033 [INFO] Activator:178 - !SESSION log4j initialized
2022-02-27 21:18:22,116 [INFO] Activator:177 - 


2022-02-27 21:18:22,118 [INFO] Activator:178 - !SESSION log4j initialized
2022-02-27 21:49:08,978 [INFO] Activator:177 - 


2022-02-27 21:49:08,979 [INFO] Activator:178 - !SESSION log4j initialized
2022-02-27 21:55:15,866 [INFO] Activator:177 - 


2022-02-27 21:55:15,867 [INFO] Activator:178 - !SESSION log4j initialized
2022-02-27 22:01:26,668 [INFO] Activator:177 - 


2022-02-27 22:01:26,675 [INFO] Activator:178 - !SESSION log4j initialized
2022-02-27 22:08:18,955 [INFO] Activator:177 - 


2022-02-27 22:08:18,957 [INFO] Activator:178 - !SESSION log4j initialized
2022-02-28 20:28:09,596 [INFO] Activator:177 - 


2022-02-28 20:28:09,601 [INFO] Activator:178 - !SESSION log4j initialized
2022-02-28 20:39:48,625 [INFO] Activator:177 - 


2022-02-28 20:39:48,626 [INFO] Activator:178 - !SESSION log4j initialized
2022-03-01 22:11:07,393 [INFO] Activator:177 - 


2022-03-01 22:11:07,398 [INFO] Activator:178 - !SESSION log4j initialized
2022-03-03 20:20:46,494 [INFO] Activator:177 - 


2022-03-03 20:20:46,495 [INFO] Activator:178 - !SESSION log4j initialized
2022-03-03 22:10:54,096 [INFO] Activator:177 - 


2022-03-03 22:10:54,097 [INFO] Activator:178 - !SESSION log4j initialized
